<?xml version="1.0" encoding="UTF-8"?>
<!-- Generated by org.testng.reporters.JUnitReportReporter -->
<testsuite skipped="0" hostname="DESKTOP-O6G4ARS" name="traillink.tests.TC_07_CreateTrail" tests="1" failures="0" timestamp="25 Oct 2017 19:31:13 GMT" time="148.754" errors="0">
  <testcase name="createAndSubmitTrail" time="148.754" classname="traillink.tests.TC_07_CreateTrail"/>
</testsuite> <!-- traillink.tests.TC_07_CreateTrail -->
