<?xml version="1.0" encoding="UTF-8"?>
<!-- Generated by org.testng.reporters.JUnitReportReporter -->
<testsuite skipped="0" hostname="DESKTOP-O6G4ARS" name="traillink.tests.TC_06_UploadPhotosAndVerifyCount" tests="1" failures="0" timestamp="04 Nov 2017 21:21:59 GMT" time="237.956" errors="0">
  <testcase name="uploadPhotosAndverifyPhotoCount" time="237.956" classname="traillink.tests.TC_06_UploadPhotosAndVerifyCount"/>
</testsuite> <!-- traillink.tests.TC_06_UploadPhotosAndVerifyCount -->
