<?xml version="1.0" encoding="UTF-8"?>
<!-- Generated by org.testng.reporters.JUnitReportReporter -->
<testsuite skipped="0" hostname="DESKTOP-O6G4ARS" name="traillink.tests.TC_08_GiveReviewsOnTrail" tests="1" failures="0" timestamp="01 Nov 2017 20:14:44 GMT" time="271.036" errors="0">
  <testcase name="updatePhotos" time="271.036" classname="traillink.tests.TC_08_GiveReviewsOnTrail"/>
</testsuite> <!-- traillink.tests.TC_08_GiveReviewsOnTrail -->
