<?xml version="1.0" encoding="UTF-8"?>
<!-- Generated by org.testng.reporters.JUnitReportReporter -->
<testsuite skipped="0" hostname="DESKTOP-O6G4ARS" name="traillink.tests.TC_06_UpdatePhotoScenarios" tests="1" failures="0" timestamp="28 Oct 2017 22:18:59 GMT" time="51.654" errors="0">
  <testcase name="updatePhotos" time="51.654" classname="traillink.tests.TC_06_UpdatePhotoScenarios"/>
</testsuite> <!-- traillink.tests.TC_06_UpdatePhotoScenarios -->
